<?xml version="1.0" encoding="UTF-8"?>
<!-- Generated by org.testng.reporters.JUnitReportReporter -->
<testsuite hostname="DESKTOP-2JGO8IH" failures="0" tests="3" name="test.ReportPageTest" time="24.355" errors="0" timestamp="25 Jun 2024 10:26:31 GMT" skipped="0">
  <testcase classname="test.ReportPageTest" name="creatAndVerifyWidget" time="9.244"/>
  <testcase classname="test.ReportPageTest" name="deleteWidget" time="7.154"/>
  <testcase classname="test.ReportPageTest" name="editNameOfwidget" time="7.957"/>
</testsuite> <!-- test.ReportPageTest -->
