<?xml version="1.0" encoding="UTF-8"?>
<!-- Generated by org.testng.reporters.JUnitReportReporter -->
<testsuite hostname="DESKTOP-2JGO8IH" failures="0" tests="1" name="test.customerTest" time="16.116" errors="0" timestamp="18 Jun 2024 10:49:54 GMT" skipped="0">
  <testcase classname="test.customerTest" name="delete_VerifyTest" time="16.116"/>
</testsuite> <!-- test.customerTest -->
