<?xml version="1.0" encoding="UTF-8"?>
<!-- Generated by org.testng.reporters.JUnitReportReporter -->
<testsuite hostname="DESKTOP-2JGO8IH" failures="0" tests="1" name="test.CommonTest" time="19.434" errors="0" timestamp="27 May 2024 12:37:29 GMT" skipped="0">
  <testcase classname="test.CommonTest" name="LoginActiTest" time="19.434"/>
</testsuite> <!-- test.CommonTest -->
