<?xml version="1.0" encoding="UTF-8"?>
<!-- Generated by org.testng.reporters.JUnitReportReporter -->
<testsuite hostname="DESKTOP-2JGO8IH" failures="0" tests="1" name="test.tasksListCheckTest" time="27.381" errors="0" timestamp="28 May 2024 05:37:10 GMT" skipped="0">
  <testcase classname="test.tasksListCheckTest" name="tasksListCheckTest" time="27.381"/>
</testsuite> <!-- test.tasksListCheckTest -->
