<?xml version="1.0" encoding="UTF-8"?>
<!-- Generated by org.testng.reporters.JUnitReportReporter -->
<testsuite hostname="DESKTOP-2JGO8IH" failures="0" tests="1" name="test.Deleting_Task_Test" time="16.480" errors="0" timestamp="18 Jun 2024 10:43:52 GMT" skipped="0">
  <testcase classname="test.Deleting_Task_Test" name="delete_VerifyTest" time="16.480"/>
</testsuite> <!-- test.Deleting_Task_Test -->
