<?xml version="1.0" encoding="UTF-8"?>
<!-- Generated by org.testng.reporters.JUnitReportReporter -->
<testsuite hostname="DESKTOP-2JGO8IH" failures="0" tests="4" name="test.CommonTest" time="37.209" errors="0" timestamp="18 Jun 2024 10:43:52 GMT" skipped="0">
  <testcase classname="test.CommonTest" name="creatingCustomerTest" time="5.162"/>
  <testcase classname="test.CommonTest" name="creatingProjectTest" time="7.395"/>
  <testcase classname="test.CommonTest" name="creatingTaskTest" time="10.972"/>
  <testcase classname="test.CommonTest" name="creatingNewTaskFromTaskTabTest" time="13.680"/>
</testsuite> <!-- test.CommonTest -->
