<?xml version="1.0" encoding="UTF-8"?>
<!-- Generated by org.testng.reporters.JUnitReportReporter -->
<testsuite hostname="DESKTOP-2JGO8IH" failures="0" tests="3" name="test.UsersPageTest" time="22.702" errors="0" timestamp="25 Jun 2024 10:26:31 GMT" skipped="0">
  <testcase classname="test.UsersPageTest" name="creatingDeartmentTest" time="5.528"/>
  <testcase classname="test.UsersPageTest" name="editingCreatdDepartmentTest" time="2.926"/>
  <testcase classname="test.UsersPageTest" name="deletingDepartment" time="14.248"/>
</testsuite> <!-- test.UsersPageTest -->
