<?xml version="1.0" encoding="UTF-8"?>
<!-- Generated by org.testng.reporters.JUnitReportReporter -->
<testsuite hostname="DESKTOP-2JGO8IH" failures="0" tests="2" name="test.tasksListCheckTest" time="29.906" errors="0" timestamp="18 Jun 2024 10:43:52 GMT" skipped="0">
  <testcase classname="test.tasksListCheckTest" name="tasksListCheckTest" time="13.911"/>
  <testcase classname="test.tasksListCheckTest" name="totalTasksTest" time="15.995"/>
</testsuite> <!-- test.tasksListCheckTest -->
