<?xml version="1.0" encoding="UTF-8"?>
<!-- Generated by org.testng.reporters.JUnitReportReporter -->
<testsuite hostname="DESKTOP-2JGO8IH" failures="0" tests="2" name="test.tasksListCheckTest" time="50.194" errors="0" timestamp="25 Jun 2024 10:26:32 GMT" skipped="0">
  <testcase classname="test.tasksListCheckTest" name="tasksListCheckTest" time="18.270"/>
  <testcase classname="test.tasksListCheckTest" name="totalTasksTest" time="31.924"/>
</testsuite> <!-- test.tasksListCheckTest -->
