<?xml version="1.0" encoding="UTF-8"?>
<!-- Generated by org.testng.reporters.JUnitReportReporter -->
<testsuite hostname="DESKTOP-2JGO8IH" failures="0" tests="1" name="test.ReportPageTest" time="30.727" errors="0" timestamp="18 Jun 2024 10:19:32 GMT" skipped="0">
  <testcase classname="test.ReportPageTest" name="deleteWidget" time="30.727"/>
</testsuite> <!-- test.ReportPageTest -->
