<?xml version="1.0" encoding="UTF-8"?>
<!-- Generated by org.testng.reporters.JUnitReportReporter -->
<testsuite hostname="DESKTOP-2JGO8IH" failures="0" tests="1" name="test.DeletCustomer" time="23.643" errors="0" timestamp="10 Jun 2024 09:34:10 GMT" skipped="0">
  <testcase classname="test.DeletCustomer" name="DeleteCustomer" time="23.643"/>
</testsuite> <!-- test.DeletCustomer -->
