<?xml version="1.0" encoding="UTF-8"?>
<!-- Generated by org.testng.reporters.JUnitReportReporter -->
<testsuite hostname="DESKTOP-2JGO8IH" failures="0" tests="1" name="test.customerTest" time="15.464" errors="0" timestamp="17 May 2024 11:39:55 GMT" skipped="0">
  <testcase classname="test.customerTest" name="customerCreationDeletion" time="15.464"/>
</testsuite> <!-- test.customerTest -->
