<?xml version="1.0" encoding="UTF-8"?>
<!-- Generated by org.testng.reporters.JUnitReportReporter -->
<testsuite hostname="DESKTOP-2JGO8IH" failures="0" tests="1" name="test.DeletCustomerName" time="8.118" errors="0" timestamp="13 May 2024 05:43:04 GMT" skipped="0">
  <testcase classname="test.DeletCustomerName" name="DeleteCustomer" time="8.118"/>
</testsuite> <!-- test.DeletCustomerName -->
